2026-05-25 02:17:26,770 - twister - INFO - Using Ninja..
2026-05-25 02:17:26,810 - twister - INFO - Zephyr version: v4.2.0
2026-05-25 02:17:26,812 - twister - DEBUG - Running cmake script /home/hanes/zephyr-course/zephyrproject/deps/zephyr/cmake/verify-toolchain.cmake
2026-05-25 02:17:26,812 - twister - DEBUG - Calling cmake: /usr/bin/cmake -DFORMAT=json -P /home/hanes/zephyr-course/zephyrproject/deps/zephyr/cmake/verify-toolchain.cmake
2026-05-25 02:17:26,970 - twister - DEBUG - Finished running /home/hanes/zephyr-course/zephyrproject/deps/zephyr/cmake/verify-toolchain.cmake
2026-05-25 02:17:26,970 - twister - INFO - Using 'zephyr' toolchain.
2026-05-25 02:17:27,893 - twister - DEBUG - Reading testsuite configuration files under /home/hanes/zephyr-course/zephyrproject/zephyr-course/tests/ring_buf...
2026-05-25 02:17:27,893 - twister - DEBUG - Found possible testsuite in /home/hanes/zephyr-course/zephyrproject/zephyr-course/tests/ring_buf
2026-05-25 02:17:27,895 - twister - DEBUG - No duplicates found.
2026-05-25 02:17:27,895 - twister - DEBUG - platform filter: ['native_sim']
2026-05-25 02:17:27,895 - twister - DEBUG -   vendor filter: []
2026-05-25 02:17:27,895 - twister - DEBUG -     arch_filter: None
2026-05-25 02:17:27,895 - twister - DEBUG -      tag_filter: None
2026-05-25 02:17:27,895 - twister - DEBUG -     exclude_tag: None
2026-05-25 02:17:27,895 - twister - DEBUG - Checking platform filter: ['native_sim']
2026-05-25 02:17:27,895 - twister - INFO - Building initial testsuite list...
2026-05-25 02:17:27,896 - twister - INFO - Writing JSON report /home/hanes/zephyr-course/zephyrproject/zephyr-course/twister-out/testplan.json
2026-05-25 02:17:27,909 - twister - INFO - JOBS: 16
2026-05-25 02:17:27,910 - twister - INFO - Adding tasks to the queue...
2026-05-25 02:17:27,910 - twister - DEBUG - adding native_sim/native/host/homework.unit.ring_buf
2026-05-25 02:17:27,910 - twister - INFO - Added initial list of jobs to queue
2026-05-25 02:17:27,915 - twister - DEBUG - Running cmake on /home/hanes/zephyr-course/zephyrproject/zephyr-course/tests/ring_buf for native_sim/native
2026-05-25 02:17:27,916 - twister - DEBUG - Calling cmake: /usr/bin/cmake -B/home/hanes/zephyr-course/zephyrproject/zephyr-course/twister-out/native_sim_native/host/homework.unit.ring_buf -DTC_RUNID=81cc30efd8e2b4e556414f1068518188 -DTC_NAME=homework.unit.ring_buf -DCONFIG_COMPILER_WARNINGS_AS_ERRORS=y -DEXTRA_GEN_EDT_ARGS=--edtlib-Werror -GNinja -DPython3_EXECUTABLE=/home/hanes/zephyr-course/zephyrproject/.venv-twister/bin/python -DZEPHYR_TOOLCHAIN_VARIANT=host -S/home/hanes/zephyr-course/zephyrproject/zephyr-course/tests/ring_buf -DOVERLAY_CONFIG=/home/hanes/zephyr-course/zephyrproject/zephyr-course/twister-out/native_sim_native/host/homework.unit.ring_buf/twister/testsuite_extra.conf -DBOARD=native_sim/native
2026-05-25 02:17:27,930 - twister - DEBUG - Launched 16 jobs
2026-05-25 02:17:31,201 - twister - DEBUG - Finished running cmake /home/hanes/zephyr-course/zephyrproject/zephyr-course/tests/ring_buf for native_sim/native in 3.28 seconds
2026-05-25 02:17:31,203 - twister - DEBUG - build test: native_sim/native/host/homework.unit.ring_buf
2026-05-25 02:17:31,203 - twister - DEBUG - Building /home/hanes/zephyr-course/zephyrproject/zephyr-course/tests/ring_buf for native_sim/native
2026-05-25 02:17:31,203 - twister - DEBUG - Running /usr/bin/cmake --build /home/hanes/zephyr-course/zephyrproject/zephyr-course/twister-out/native_sim_native/host/homework.unit.ring_buf
2026-05-25 02:17:33,457 - twister - DEBUG - Finished building /home/hanes/zephyr-course/zephyrproject/zephyr-course/tests/ring_buf for native_sim/native in 2.25 seconds
2026-05-25 02:17:33,457 - twister - DEBUG - Determine test cases for test instance: native_sim/native/host/homework.unit.ring_buf
2026-05-25 02:17:33,457 - twister - DEBUG - Determine test cases for test suite: homework.unit.ring_buf
2026-05-25 02:17:33,608 - twister - DEBUG - Test instance native_sim/native/host/homework.unit.ring_buf already has 8 testcase(s) known: [<TestCase homework.unit.ring_buf.ring_buf_boundaries.pop_null_returns_einval with None>, <TestCase homework.unit.ring_buf.ring_buf_init.fresh_state with None>, <TestCase homework.unit.ring_buf.ring_buf_push_pop.fifo_order with None>, <TestCase homework.unit.ring_buf.ring_buf_push_pop.single_push_pop with None>, <TestCase homework.unit.ring_buf.ring_buf_push_pop.push_full_returns_enospc with None>, <TestCase homework.unit.ring_buf.ring_buf_init.reinit_clears_state with None>, <TestCase homework.unit.ring_buf.ring_buf_boundaries.peek_does_not_consume with None>, <TestCase homework.unit.ring_buf.ring_buf_boundaries.is_full_after_fill with None>]
2026-05-25 02:17:33,608 - twister - DEBUG - Detected 8 Ztest case(s): [homework.unit.ring_buf.ring_buf_init.fresh_state, homework.unit.ring_buf.ring_buf_init.reinit_clears_state, homework.unit.ring_buf.ring_buf_push_pop.single_push_pop, homework.unit.ring_buf.ring_buf_push_pop.fifo_order, homework.unit.ring_buf.ring_buf_push_pop.push_full_returns_enospc, homework.unit.ring_buf.ring_buf_boundaries.peek_does_not_consume, homework.unit.ring_buf.ring_buf_boundaries.pop_null_returns_einval, homework.unit.ring_buf.ring_buf_boundaries.is_full_after_fill] in /home/hanes/zephyr-course/zephyrproject/zephyr-course/twister-out/native_sim_native/host/homework.unit.ring_buf/zephyr/zephyr.elf
2026-05-25 02:17:33,611 - twister - DEBUG - run test: native_sim/native/host/homework.unit.ring_buf
2026-05-25 02:17:33,611 - twister - DEBUG - Reset instance status from 'passed' to None before run.
2026-05-25 02:17:33,612 - twister - DEBUG - Spawning process: /home/hanes/zephyr-course/zephyrproject/zephyr-course/twister-out/native_sim_native/host/homework.unit.ring_buf/zephyr/zephyr.exe
in directory: /home/hanes/zephyr-course/zephyrproject/zephyr-course/twister-out/native_sim_native/host/homework.unit.ring_buf
2026-05-25 02:17:33,612 - twister - DEBUG - Spawning BinaryHandler Thread for native_sim/native/host/homework.unit.ring_buf
2026-05-25 02:17:33,613 - twister - DEBUG - OUTPUT: *** Booting Zephyr OS build v4.2.0 ***
2026-05-25 02:17:33,614 - twister - DEBUG - OUTPUT: Running TESTSUITE ring_buf_boundaries
2026-05-25 02:17:33,614 - twister - DEBUG - OUTPUT: ===================================================================
2026-05-25 02:17:33,614 - twister - DEBUG - OUTPUT: START - test_pop_null_returns_einval
2026-05-25 02:17:33,614 - twister - DEBUG - OUTPUT: [00:00:00.000,000] [1;31m<err> ring_buf: value pointer is NULL[0m
2026-05-25 02:17:33,614 - twister - DEBUG - OUTPUT:  PASS - test_pop_null_returns_einval in 0.000 seconds
2026-05-25 02:17:33,614 - twister - DEBUG - OUTPUT: ===================================================================
2026-05-25 02:17:33,614 - twister - DEBUG - OUTPUT: START - test_is_full_after_fill
2026-05-25 02:17:33,615 - twister - DEBUG - OUTPUT:  PASS - test_is_full_after_fill in 0.000 seconds
2026-05-25 02:17:33,615 - twister - DEBUG - OUTPUT: ===================================================================
2026-05-25 02:17:33,615 - twister - DEBUG - OUTPUT: START - test_peek_does_not_consume
2026-05-25 02:17:33,615 - twister - DEBUG - OUTPUT:  PASS - test_peek_does_not_consume in 0.000 seconds
2026-05-25 02:17:33,615 - twister - DEBUG - OUTPUT: ===================================================================
2026-05-25 02:17:33,615 - twister - DEBUG - OUTPUT: START - test_peek_does_not_consume
2026-05-25 02:17:33,615 - twister - DEBUG - OUTPUT:  PASS - test_peek_does_not_consume in 0.000 seconds
2026-05-25 02:17:33,615 - twister - DEBUG - OUTPUT: ===================================================================
2026-05-25 02:17:33,616 - twister - DEBUG - OUTPUT: START - test_is_full_after_fill
2026-05-25 02:17:33,616 - twister - DEBUG - OUTPUT:  PASS - test_is_full_after_fill in 0.000 seconds
2026-05-25 02:17:33,616 - twister - DEBUG - OUTPUT: ===================================================================
2026-05-25 02:17:33,616 - twister - DEBUG - OUTPUT: START - test_pop_null_returns_einval
2026-05-25 02:17:33,616 - twister - DEBUG - OUTPUT: [00:00:00.000,000] [1;31m<err> ring_buf: value pointer is NULL[0m
2026-05-25 02:17:33,616 - twister - DEBUG - OUTPUT:  PASS - test_pop_null_returns_einval in 0.000 seconds
2026-05-25 02:17:33,616 - twister - DEBUG - OUTPUT: ===================================================================
2026-05-25 02:17:33,616 - twister - DEBUG - OUTPUT: START - test_peek_does_not_consume
2026-05-25 02:17:33,616 - twister - DEBUG - OUTPUT:  PASS - test_peek_does_not_consume in 0.000 seconds
2026-05-25 02:17:33,617 - twister - DEBUG - OUTPUT: ===================================================================
2026-05-25 02:17:33,617 - twister - DEBUG - OUTPUT: START - test_pop_null_returns_einval
2026-05-25 02:17:33,617 - twister - DEBUG - OUTPUT: [00:00:00.000,000] [1;31m<err> ring_buf: value pointer is NULL[0m
2026-05-25 02:17:33,617 - twister - DEBUG - OUTPUT:  PASS - test_pop_null_returns_einval in 0.000 seconds
2026-05-25 02:17:33,617 - twister - DEBUG - OUTPUT: ===================================================================
2026-05-25 02:17:33,617 - twister - DEBUG - OUTPUT: START - test_is_full_after_fill
2026-05-25 02:17:33,617 - twister - DEBUG - OUTPUT:  PASS - test_is_full_after_fill in 0.000 seconds
2026-05-25 02:17:33,617 - twister - DEBUG - OUTPUT: ===================================================================
2026-05-25 02:17:33,617 - twister - DEBUG - OUTPUT: TESTSUITE ring_buf_boundaries succeeded
2026-05-25 02:17:33,618 - twister - DEBUG - OUTPUT: Running TESTSUITE ring_buf_boundaries
2026-05-25 02:17:33,619 - twister - DEBUG - OUTPUT: ===================================================================
2026-05-25 02:17:33,619 - twister - DEBUG - OUTPUT: START - test_peek_does_not_consume
2026-05-25 02:17:33,619 - twister - DEBUG - OUTPUT:  PASS - test_peek_does_not_consume in 0.000 seconds
2026-05-25 02:17:33,619 - twister - DEBUG - OUTPUT: ===================================================================
2026-05-25 02:17:33,619 - twister - DEBUG - OUTPUT: START - test_is_full_after_fill
2026-05-25 02:17:33,619 - twister - DEBUG - OUTPUT:  PASS - test_is_full_after_fill in 0.000 seconds
2026-05-25 02:17:33,619 - twister - DEBUG - OUTPUT: ===================================================================
2026-05-25 02:17:33,619 - twister - DEBUG - OUTPUT: START - test_pop_null_returns_einval
2026-05-25 02:17:33,619 - twister - DEBUG - OUTPUT: [00:00:00.000,000] [1;31m<err> ring_buf: value pointer is NULL[0m
2026-05-25 02:17:33,620 - twister - DEBUG - OUTPUT:  PASS - test_pop_null_returns_einval in 0.000 seconds
2026-05-25 02:17:33,620 - twister - DEBUG - OUTPUT: ===================================================================
2026-05-25 02:17:33,620 - twister - DEBUG - OUTPUT: START - test_peek_does_not_consume
2026-05-25 02:17:33,620 - twister - DEBUG - OUTPUT:  PASS - test_peek_does_not_consume in 0.000 seconds
2026-05-25 02:17:33,620 - twister - DEBUG - OUTPUT: ===================================================================
2026-05-25 02:17:33,620 - twister - DEBUG - OUTPUT: START - test_is_full_after_fill
2026-05-25 02:17:33,620 - twister - DEBUG - OUTPUT:  PASS - test_is_full_after_fill in 0.000 seconds
2026-05-25 02:17:33,620 - twister - DEBUG - OUTPUT: ===================================================================
2026-05-25 02:17:33,620 - twister - DEBUG - OUTPUT: START - test_pop_null_returns_einval
2026-05-25 02:17:33,621 - twister - DEBUG - OUTPUT: [00:00:00.000,000] [1;31m<err> ring_buf: value pointer is NULL[0m
2026-05-25 02:17:33,621 - twister - DEBUG - OUTPUT:  PASS - test_pop_null_returns_einval in 0.000 seconds
2026-05-25 02:17:33,621 - twister - DEBUG - OUTPUT: ===================================================================
2026-05-25 02:17:33,621 - twister - DEBUG - OUTPUT: START - test_is_full_after_fill
2026-05-25 02:17:33,621 - twister - DEBUG - OUTPUT:  PASS - test_is_full_after_fill in 0.000 seconds
2026-05-25 02:17:33,621 - twister - DEBUG - OUTPUT: ===================================================================
2026-05-25 02:17:33,621 - twister - DEBUG - OUTPUT: START - test_peek_does_not_consume
2026-05-25 02:17:33,621 - twister - DEBUG - OUTPUT:  PASS - test_peek_does_not_consume in 0.000 seconds
2026-05-25 02:17:33,621 - twister - DEBUG - OUTPUT: ===================================================================
2026-05-25 02:17:33,621 - twister - DEBUG - OUTPUT: START - test_pop_null_returns_einval
2026-05-25 02:17:33,621 - twister - DEBUG - OUTPUT: [00:00:00.000,000] [1;31m<err> ring_buf: value pointer is NULL[0m
2026-05-25 02:17:33,621 - twister - DEBUG - OUTPUT:  PASS - test_pop_null_returns_einval in 0.000 seconds
2026-05-25 02:17:33,621 - twister - DEBUG - OUTPUT: ===================================================================
2026-05-25 02:17:33,622 - twister - DEBUG - OUTPUT: TESTSUITE ring_buf_boundaries succeeded
2026-05-25 02:17:33,622 - twister - DEBUG - OUTPUT: Running TESTSUITE ring_buf_boundaries
2026-05-25 02:17:33,622 - twister - DEBUG - OUTPUT: ===================================================================
2026-05-25 02:17:33,622 - twister - DEBUG - OUTPUT: START - test_is_full_after_fill
2026-05-25 02:17:33,622 - twister - DEBUG - OUTPUT:  PASS - test_is_full_after_fill in 0.000 seconds
2026-05-25 02:17:33,622 - twister - DEBUG - OUTPUT: ===================================================================
2026-05-25 02:17:33,622 - twister - DEBUG - OUTPUT: START - test_peek_does_not_consume
2026-05-25 02:17:33,622 - twister - DEBUG - OUTPUT:  PASS - test_peek_does_not_consume in 0.000 seconds
2026-05-25 02:17:33,622 - twister - DEBUG - OUTPUT: ===================================================================
2026-05-25 02:17:33,622 - twister - DEBUG - OUTPUT: START - test_pop_null_returns_einval
2026-05-25 02:17:33,622 - twister - DEBUG - OUTPUT: [00:00:00.000,000] [1;31m<err> ring_buf: value pointer is NULL[0m
2026-05-25 02:17:33,622 - twister - DEBUG - OUTPUT:  PASS - test_pop_null_returns_einval in 0.000 seconds
2026-05-25 02:17:33,622 - twister - DEBUG - OUTPUT: ===================================================================
2026-05-25 02:17:33,622 - twister - DEBUG - OUTPUT: START - test_peek_does_not_consume
2026-05-25 02:17:33,623 - twister - DEBUG - OUTPUT:  PASS - test_peek_does_not_consume in 0.000 seconds
2026-05-25 02:17:33,623 - twister - DEBUG - OUTPUT: ===================================================================
2026-05-25 02:17:33,623 - twister - DEBUG - OUTPUT: START - test_pop_null_returns_einval
2026-05-25 02:17:33,623 - twister - DEBUG - OUTPUT: [00:00:00.000,000] [1;31m<err> ring_buf: value pointer is NULL[0m
2026-05-25 02:17:33,623 - twister - DEBUG - OUTPUT:  PASS - test_pop_null_returns_einval in 0.000 seconds
2026-05-25 02:17:33,623 - twister - DEBUG - OUTPUT: ===================================================================
2026-05-25 02:17:33,623 - twister - DEBUG - OUTPUT: START - test_is_full_after_fill
2026-05-25 02:17:33,623 - twister - DEBUG - OUTPUT:  PASS - test_is_full_after_fill in 0.000 seconds
2026-05-25 02:17:33,623 - twister - DEBUG - OUTPUT: ===================================================================
2026-05-25 02:17:33,623 - twister - DEBUG - OUTPUT: START - test_peek_does_not_consume
2026-05-25 02:17:33,623 - twister - DEBUG - OUTPUT:  PASS - test_peek_does_not_consume in 0.000 seconds
2026-05-25 02:17:33,623 - twister - DEBUG - OUTPUT: ===================================================================
2026-05-25 02:17:33,623 - twister - DEBUG - OUTPUT: START - test_pop_null_returns_einval
2026-05-25 02:17:33,624 - twister - DEBUG - OUTPUT: [00:00:00.000,000] [1;31m<err> ring_buf: value pointer is NULL[0m
2026-05-25 02:17:33,624 - twister - DEBUG - OUTPUT:  PASS - test_pop_null_returns_einval in 0.000 seconds
2026-05-25 02:17:33,624 - twister - DEBUG - OUTPUT: ===================================================================
2026-05-25 02:17:33,624 - twister - DEBUG - OUTPUT: START - test_is_full_after_fill
2026-05-25 02:17:33,624 - twister - DEBUG - OUTPUT:  PASS - test_is_full_after_fill in 0.000 seconds
2026-05-25 02:17:33,624 - twister - DEBUG - OUTPUT: ===================================================================
2026-05-25 02:17:33,624 - twister - DEBUG - OUTPUT: TESTSUITE ring_buf_boundaries succeeded
2026-05-25 02:17:33,624 - twister - DEBUG - OUTPUT: Running TESTSUITE ring_buf_init
2026-05-25 02:17:33,624 - twister - DEBUG - OUTPUT: ===================================================================
2026-05-25 02:17:33,624 - twister - DEBUG - OUTPUT: START - test_reinit_clears_state
2026-05-25 02:17:33,624 - twister - DEBUG - OUTPUT:  PASS - test_reinit_clears_state in 0.000 seconds
2026-05-25 02:17:33,624 - twister - DEBUG - OUTPUT: ===================================================================
2026-05-25 02:17:33,625 - twister - DEBUG - OUTPUT: START - test_fresh_state
2026-05-25 02:17:33,625 - twister - DEBUG - OUTPUT:  PASS - test_fresh_state in 0.000 seconds
2026-05-25 02:17:33,625 - twister - DEBUG - OUTPUT: ===================================================================
2026-05-25 02:17:33,625 - twister - DEBUG - OUTPUT: START - test_reinit_clears_state
2026-05-25 02:17:33,625 - twister - DEBUG - OUTPUT:  PASS - test_reinit_clears_state in 0.000 seconds
2026-05-25 02:17:33,625 - twister - DEBUG - OUTPUT: ===================================================================
2026-05-25 02:17:33,625 - twister - DEBUG - OUTPUT: START - test_fresh_state
2026-05-25 02:17:33,625 - twister - DEBUG - OUTPUT:  PASS - test_fresh_state in 0.000 seconds
2026-05-25 02:17:33,625 - twister - DEBUG - OUTPUT: ===================================================================
2026-05-25 02:17:33,625 - twister - DEBUG - OUTPUT: START - test_reinit_clears_state
2026-05-25 02:17:33,625 - twister - DEBUG - OUTPUT:  PASS - test_reinit_clears_state in 0.000 seconds
2026-05-25 02:17:33,625 - twister - DEBUG - OUTPUT: ===================================================================
2026-05-25 02:17:33,626 - twister - DEBUG - OUTPUT: START - test_fresh_state
2026-05-25 02:17:33,626 - twister - DEBUG - OUTPUT:  PASS - test_fresh_state in 0.000 seconds
2026-05-25 02:17:33,626 - twister - DEBUG - OUTPUT: ===================================================================
2026-05-25 02:17:33,626 - twister - DEBUG - OUTPUT: TESTSUITE ring_buf_init succeeded
2026-05-25 02:17:33,626 - twister - DEBUG - OUTPUT: Running TESTSUITE ring_buf_init
2026-05-25 02:17:33,626 - twister - DEBUG - OUTPUT: ===================================================================
2026-05-25 02:17:33,626 - twister - DEBUG - OUTPUT: START - test_fresh_state
2026-05-25 02:17:33,626 - twister - DEBUG - OUTPUT:  PASS - test_fresh_state in 0.000 seconds
2026-05-25 02:17:33,626 - twister - DEBUG - OUTPUT: ===================================================================
2026-05-25 02:17:33,626 - twister - DEBUG - OUTPUT: START - test_reinit_clears_state
2026-05-25 02:17:33,626 - twister - DEBUG - OUTPUT:  PASS - test_reinit_clears_state in 0.000 seconds
2026-05-25 02:17:33,626 - twister - DEBUG - OUTPUT: ===================================================================
2026-05-25 02:17:33,626 - twister - DEBUG - OUTPUT: START - test_fresh_state
2026-05-25 02:17:33,626 - twister - DEBUG - OUTPUT:  PASS - test_fresh_state in 0.000 seconds
2026-05-25 02:17:33,627 - twister - DEBUG - OUTPUT: ===================================================================
2026-05-25 02:17:33,627 - twister - DEBUG - OUTPUT: START - test_reinit_clears_state
2026-05-25 02:17:33,627 - twister - DEBUG - OUTPUT:  PASS - test_reinit_clears_state in 0.000 seconds
2026-05-25 02:17:33,627 - twister - DEBUG - OUTPUT: ===================================================================
2026-05-25 02:17:33,627 - twister - DEBUG - OUTPUT: START - test_reinit_clears_state
2026-05-25 02:17:33,627 - twister - DEBUG - OUTPUT:  PASS - test_reinit_clears_state in 0.000 seconds
2026-05-25 02:17:33,627 - twister - DEBUG - OUTPUT: ===================================================================
2026-05-25 02:17:33,627 - twister - DEBUG - OUTPUT: START - test_fresh_state
2026-05-25 02:17:33,627 - twister - DEBUG - OUTPUT:  PASS - test_fresh_state in 0.000 seconds
2026-05-25 02:17:33,627 - twister - DEBUG - OUTPUT: ===================================================================
2026-05-25 02:17:33,627 - twister - DEBUG - OUTPUT: TESTSUITE ring_buf_init succeeded
2026-05-25 02:17:33,627 - twister - DEBUG - OUTPUT: Running TESTSUITE ring_buf_init
2026-05-25 02:17:33,627 - twister - DEBUG - OUTPUT: ===================================================================
2026-05-25 02:17:33,627 - twister - DEBUG - OUTPUT: START - test_fresh_state
2026-05-25 02:17:33,628 - twister - DEBUG - OUTPUT:  PASS - test_fresh_state in 0.000 seconds
2026-05-25 02:17:33,628 - twister - DEBUG - OUTPUT: ===================================================================
2026-05-25 02:17:33,628 - twister - DEBUG - OUTPUT: START - test_reinit_clears_state
2026-05-25 02:17:33,628 - twister - DEBUG - OUTPUT:  PASS - test_reinit_clears_state in 0.000 seconds
2026-05-25 02:17:33,628 - twister - DEBUG - OUTPUT: ===================================================================
2026-05-25 02:17:33,628 - twister - DEBUG - OUTPUT: START - test_fresh_state
2026-05-25 02:17:33,628 - twister - DEBUG - OUTPUT:  PASS - test_fresh_state in 0.000 seconds
2026-05-25 02:17:33,628 - twister - DEBUG - OUTPUT: ===================================================================
2026-05-25 02:17:33,628 - twister - DEBUG - OUTPUT: START - test_reinit_clears_state
2026-05-25 02:17:33,628 - twister - DEBUG - OUTPUT:  PASS - test_reinit_clears_state in 0.000 seconds
2026-05-25 02:17:33,628 - twister - DEBUG - OUTPUT: ===================================================================
2026-05-25 02:17:33,628 - twister - DEBUG - OUTPUT: START - test_reinit_clears_state
2026-05-25 02:17:33,629 - twister - DEBUG - OUTPUT:  PASS - test_reinit_clears_state in 0.000 seconds
2026-05-25 02:17:33,629 - twister - DEBUG - OUTPUT: ===================================================================
2026-05-25 02:17:33,629 - twister - DEBUG - OUTPUT: START - test_fresh_state
2026-05-25 02:17:33,629 - twister - DEBUG - OUTPUT:  PASS - test_fresh_state in 0.000 seconds
2026-05-25 02:17:33,629 - twister - DEBUG - OUTPUT: ===================================================================
2026-05-25 02:17:33,629 - twister - DEBUG - OUTPUT: TESTSUITE ring_buf_init succeeded
2026-05-25 02:17:33,629 - twister - DEBUG - OUTPUT: Running TESTSUITE ring_buf_push_pop
2026-05-25 02:17:33,629 - twister - DEBUG - OUTPUT: ===================================================================
2026-05-25 02:17:33,629 - twister - DEBUG - OUTPUT: START - test_push_full_returns_enospc
2026-05-25 02:17:33,629 - twister - DEBUG - OUTPUT: [00:00:00.000,000] [1;33m<wrn> ring_buf: buffer full (capacity=4)[0m
2026-05-25 02:17:33,629 - twister - DEBUG - OUTPUT:  PASS - test_push_full_returns_enospc in 0.000 seconds
2026-05-25 02:17:33,629 - twister - DEBUG - OUTPUT: ===================================================================
2026-05-25 02:17:33,629 - twister - DEBUG - OUTPUT: START - test_single_push_pop
2026-05-25 02:17:33,629 - twister - DEBUG - OUTPUT:  PASS - test_single_push_pop in 0.000 seconds
2026-05-25 02:17:33,630 - twister - DEBUG - OUTPUT: ===================================================================
2026-05-25 02:17:33,630 - twister - DEBUG - OUTPUT: START - test_fifo_order
2026-05-25 02:17:33,630 - twister - DEBUG - OUTPUT:  PASS - test_fifo_order in 0.000 seconds
2026-05-25 02:17:33,630 - twister - DEBUG - OUTPUT: ===================================================================
2026-05-25 02:17:33,630 - twister - DEBUG - OUTPUT: START - test_push_full_returns_enospc
2026-05-25 02:17:33,630 - twister - DEBUG - OUTPUT: [00:00:00.000,000] [1;33m<wrn> ring_buf: buffer full (capacity=4)[0m
2026-05-25 02:17:33,630 - twister - DEBUG - OUTPUT:  PASS - test_push_full_returns_enospc in 0.000 seconds
2026-05-25 02:17:33,630 - twister - DEBUG - OUTPUT: ===================================================================
2026-05-25 02:17:33,630 - twister - DEBUG - OUTPUT: START - test_fifo_order
2026-05-25 02:17:33,630 - twister - DEBUG - OUTPUT:  PASS - test_fifo_order in 0.000 seconds
2026-05-25 02:17:33,630 - twister - DEBUG - OUTPUT: ===================================================================
2026-05-25 02:17:33,630 - twister - DEBUG - OUTPUT: START - test_single_push_pop
2026-05-25 02:17:33,630 - twister - DEBUG - OUTPUT:  PASS - test_single_push_pop in 0.000 seconds
2026-05-25 02:17:33,631 - twister - DEBUG - OUTPUT: ===================================================================
2026-05-25 02:17:33,631 - twister - DEBUG - OUTPUT: START - test_single_push_pop
2026-05-25 02:17:33,631 - twister - DEBUG - OUTPUT:  PASS - test_single_push_pop in 0.000 seconds
2026-05-25 02:17:33,631 - twister - DEBUG - OUTPUT: ===================================================================
2026-05-25 02:17:33,631 - twister - DEBUG - OUTPUT: START - test_push_full_returns_enospc
2026-05-25 02:17:33,631 - twister - DEBUG - OUTPUT: [00:00:00.000,000] [1;33m<wrn> ring_buf: buffer full (capacity=4)[0m
2026-05-25 02:17:33,631 - twister - DEBUG - OUTPUT:  PASS - test_push_full_returns_enospc in 0.000 seconds
2026-05-25 02:17:33,631 - twister - DEBUG - OUTPUT: ===================================================================
2026-05-25 02:17:33,631 - twister - DEBUG - OUTPUT: START - test_fifo_order
2026-05-25 02:17:33,631 - twister - DEBUG - OUTPUT:  PASS - test_fifo_order in 0.000 seconds
2026-05-25 02:17:33,631 - twister - DEBUG - OUTPUT: ===================================================================
2026-05-25 02:17:33,631 - twister - DEBUG - OUTPUT: TESTSUITE ring_buf_push_pop succeeded
2026-05-25 02:17:33,632 - twister - DEBUG - OUTPUT: Running TESTSUITE ring_buf_push_pop
2026-05-25 02:17:33,632 - twister - DEBUG - OUTPUT: ===================================================================
2026-05-25 02:17:33,632 - twister - DEBUG - OUTPUT: START - test_push_full_returns_enospc
2026-05-25 02:17:33,632 - twister - DEBUG - OUTPUT: [00:00:00.000,000] [1;33m<wrn> ring_buf: buffer full (capacity=4)[0m
2026-05-25 02:17:33,632 - twister - DEBUG - OUTPUT:  PASS - test_push_full_returns_enospc in 0.000 seconds
2026-05-25 02:17:33,632 - twister - DEBUG - OUTPUT: ===================================================================
2026-05-25 02:17:33,632 - twister - DEBUG - OUTPUT: START - test_single_push_pop
2026-05-25 02:17:33,632 - twister - DEBUG - OUTPUT:  PASS - test_single_push_pop in 0.000 seconds
2026-05-25 02:17:33,632 - twister - DEBUG - OUTPUT: ===================================================================
2026-05-25 02:17:33,632 - twister - DEBUG - OUTPUT: START - test_fifo_order
2026-05-25 02:17:33,632 - twister - DEBUG - OUTPUT:  PASS - test_fifo_order in 0.000 seconds
2026-05-25 02:17:33,632 - twister - DEBUG - OUTPUT: ===================================================================
2026-05-25 02:17:33,632 - twister - DEBUG - OUTPUT: START - test_fifo_order
2026-05-25 02:17:33,632 - twister - DEBUG - OUTPUT:  PASS - test_fifo_order in 0.000 seconds
2026-05-25 02:17:33,633 - twister - DEBUG - OUTPUT: ===================================================================
2026-05-25 02:17:33,633 - twister - DEBUG - OUTPUT: START - test_push_full_returns_enospc
2026-05-25 02:17:33,633 - twister - DEBUG - OUTPUT: [00:00:00.000,000] [1;33m<wrn> ring_buf: buffer full (capacity=4)[0m
2026-05-25 02:17:33,633 - twister - DEBUG - OUTPUT:  PASS - test_push_full_returns_enospc in 0.000 seconds
2026-05-25 02:17:33,633 - twister - DEBUG - OUTPUT: ===================================================================
2026-05-25 02:17:33,633 - twister - DEBUG - OUTPUT: START - test_single_push_pop
2026-05-25 02:17:33,633 - twister - DEBUG - OUTPUT:  PASS - test_single_push_pop in 0.000 seconds
2026-05-25 02:17:33,633 - twister - DEBUG - OUTPUT: ===================================================================
2026-05-25 02:17:33,633 - twister - DEBUG - OUTPUT: START - test_fifo_order
2026-05-25 02:17:33,633 - twister - DEBUG - OUTPUT:  PASS - test_fifo_order in 0.000 seconds
2026-05-25 02:17:33,633 - twister - DEBUG - OUTPUT: ===================================================================
2026-05-25 02:17:33,633 - twister - DEBUG - OUTPUT: START - test_push_full_returns_enospc
2026-05-25 02:17:33,633 - twister - DEBUG - OUTPUT: [00:00:00.000,000] [1;33m<wrn> ring_buf: buffer full (capacity=4)[0m
2026-05-25 02:17:33,633 - twister - DEBUG - OUTPUT:  PASS - test_push_full_returns_enospc in 0.000 seconds
2026-05-25 02:17:33,633 - twister - DEBUG - OUTPUT: ===================================================================
2026-05-25 02:17:33,634 - twister - DEBUG - OUTPUT: START - test_single_push_pop
2026-05-25 02:17:33,634 - twister - DEBUG - OUTPUT:  PASS - test_single_push_pop in 0.000 seconds
2026-05-25 02:17:33,634 - twister - DEBUG - OUTPUT: ===================================================================
2026-05-25 02:17:33,634 - twister - DEBUG - OUTPUT: TESTSUITE ring_buf_push_pop succeeded
2026-05-25 02:17:33,634 - twister - DEBUG - OUTPUT: Running TESTSUITE ring_buf_push_pop
2026-05-25 02:17:33,634 - twister - DEBUG - OUTPUT: ===================================================================
2026-05-25 02:17:33,634 - twister - DEBUG - OUTPUT: START - test_single_push_pop
2026-05-25 02:17:33,634 - twister - DEBUG - OUTPUT:  PASS - test_single_push_pop in 0.000 seconds
2026-05-25 02:17:33,634 - twister - DEBUG - OUTPUT: ===================================================================
2026-05-25 02:17:33,634 - twister - DEBUG - OUTPUT: START - test_fifo_order
2026-05-25 02:17:33,634 - twister - DEBUG - OUTPUT:  PASS - test_fifo_order in 0.000 seconds
2026-05-25 02:17:33,634 - twister - DEBUG - OUTPUT: ===================================================================
2026-05-25 02:17:33,634 - twister - DEBUG - OUTPUT: START - test_push_full_returns_enospc
2026-05-25 02:17:33,634 - twister - DEBUG - OUTPUT: [00:00:00.000,000] [1;33m<wrn> ring_buf: buffer full (capacity=4)[0m
2026-05-25 02:17:33,635 - twister - DEBUG - OUTPUT:  PASS - test_push_full_returns_enospc in 0.000 seconds
2026-05-25 02:17:33,635 - twister - DEBUG - OUTPUT: ===================================================================
2026-05-25 02:17:33,635 - twister - DEBUG - OUTPUT: START - test_single_push_pop
2026-05-25 02:17:33,635 - twister - DEBUG - OUTPUT:  PASS - test_single_push_pop in 0.000 seconds
2026-05-25 02:17:33,635 - twister - DEBUG - OUTPUT: ===================================================================
2026-05-25 02:17:33,635 - twister - DEBUG - OUTPUT: START - test_push_full_returns_enospc
2026-05-25 02:17:33,635 - twister - DEBUG - OUTPUT: [00:00:00.000,000] [1;33m<wrn> ring_buf: buffer full (capacity=4)[0m
2026-05-25 02:17:33,635 - twister - DEBUG - OUTPUT:  PASS - test_push_full_returns_enospc in 0.000 seconds
2026-05-25 02:17:33,635 - twister - DEBUG - OUTPUT: ===================================================================
2026-05-25 02:17:33,635 - twister - DEBUG - OUTPUT: START - test_fifo_order
2026-05-25 02:17:33,635 - twister - DEBUG - OUTPUT:  PASS - test_fifo_order in 0.000 seconds
2026-05-25 02:17:33,635 - twister - DEBUG - OUTPUT: ===================================================================
2026-05-25 02:17:33,635 - twister - DEBUG - OUTPUT: START - test_single_push_pop
2026-05-25 02:17:33,635 - twister - DEBUG - OUTPUT:  PASS - test_single_push_pop in 0.000 seconds
2026-05-25 02:17:33,636 - twister - DEBUG - OUTPUT: ===================================================================
2026-05-25 02:17:33,636 - twister - DEBUG - OUTPUT: START - test_push_full_returns_enospc
2026-05-25 02:17:33,636 - twister - DEBUG - OUTPUT: [00:00:00.000,000] [1;33m<wrn> ring_buf: buffer full (capacity=4)[0m
2026-05-25 02:17:33,636 - twister - DEBUG - OUTPUT:  PASS - test_push_full_returns_enospc in 0.000 seconds
2026-05-25 02:17:33,636 - twister - DEBUG - OUTPUT: ===================================================================
2026-05-25 02:17:33,636 - twister - DEBUG - OUTPUT: START - test_fifo_order
2026-05-25 02:17:33,636 - twister - DEBUG - OUTPUT:  PASS - test_fifo_order in 0.000 seconds
2026-05-25 02:17:33,636 - twister - DEBUG - OUTPUT: ===================================================================
2026-05-25 02:17:33,636 - twister - DEBUG - OUTPUT: TESTSUITE ring_buf_push_pop succeeded
2026-05-25 02:17:33,636 - twister - DEBUG - OUTPUT: 
2026-05-25 02:17:33,636 - twister - DEBUG - OUTPUT: ------ TESTSUITE SUMMARY START ------
2026-05-25 02:17:33,636 - twister - DEBUG - OUTPUT: 
2026-05-25 02:17:33,636 - twister - DEBUG - OUTPUT: SUITE PASS - 100.00% [ring_buf_boundaries]: pass = 3, fail = 0, skip = 0, total = 3 duration = 0.000 seconds
2026-05-25 02:17:33,636 - twister - DEBUG - OUTPUT:  - PASS - [ring_buf_boundaries.test_is_full_after_fill] duration = 0.000 seconds
2026-05-25 02:17:33,637 - twister - DEBUG - OUTPUT:  - PASS - [ring_buf_boundaries.test_peek_does_not_consume] duration = 0.000 seconds
2026-05-25 02:17:33,637 - twister - DEBUG - OUTPUT:  - PASS - [ring_buf_boundaries.test_pop_null_returns_einval] duration = 0.000 seconds
2026-05-25 02:17:33,637 - twister - DEBUG - OUTPUT: 
2026-05-25 02:17:33,637 - twister - DEBUG - OUTPUT: SUITE PASS - 100.00% [ring_buf_init]: pass = 2, fail = 0, skip = 0, total = 2 duration = 0.000 seconds
2026-05-25 02:17:33,637 - twister - DEBUG - OUTPUT:  - PASS - [ring_buf_init.test_fresh_state] duration = 0.000 seconds
2026-05-25 02:17:33,637 - twister - DEBUG - OUTPUT:  - PASS - [ring_buf_init.test_reinit_clears_state] duration = 0.000 seconds
2026-05-25 02:17:33,637 - twister - DEBUG - OUTPUT: 
2026-05-25 02:17:33,637 - twister - DEBUG - OUTPUT: SUITE PASS - 100.00% [ring_buf_push_pop]: pass = 3, fail = 0, skip = 0, total = 3 duration = 0.000 seconds
2026-05-25 02:17:33,637 - twister - DEBUG - OUTPUT:  - PASS - [ring_buf_push_pop.test_fifo_order] duration = 0.000 seconds
2026-05-25 02:17:33,637 - twister - DEBUG - OUTPUT:  - PASS - [ring_buf_push_pop.test_push_full_returns_enospc] duration = 0.000 seconds
2026-05-25 02:17:33,637 - twister - DEBUG - OUTPUT:  - PASS - [ring_buf_push_pop.test_single_push_pop] duration = 0.000 seconds
2026-05-25 02:17:33,637 - twister - DEBUG - OUTPUT: 
2026-05-25 02:17:33,638 - twister - DEBUG - OUTPUT: ------ TESTSUITE SUMMARY END ------
2026-05-25 02:17:33,638 - twister - DEBUG - OUTPUT: 
2026-05-25 02:17:33,638 - twister - DEBUG - OUTPUT: ===================================================================
2026-05-25 02:17:33,638 - twister - DEBUG - OUTPUT: RunID: 81cc30efd8e2b4e556414f1068518188
2026-05-25 02:17:33,638 - twister - DEBUG - OUTPUT: PROJECT EXECUTION SUCCESSFUL
2026-05-25 02:17:33,639 - twister - DEBUG - Expected suite names:['ring_buf_init', 'ring_buf_push_pop', 'ring_buf_boundaries']
2026-05-25 02:17:33,639 - twister - DEBUG - Detected suite names:['ring_buf_boundaries', 'ring_buf_init', 'ring_buf_push_pop']
2026-05-25 02:17:33,639 - twister - DEBUG - run status: native_sim/native/host/homework.unit.ring_buf passed
2026-05-25 02:17:33,641 - twister - DEBUG - Run coverage for 'native_sim/native/host/homework.unit.ring_buf'
2026-05-25 02:17:33,708 - twister - DEBUG - Select gcovr as the coverage tool...
2026-05-25 02:17:33,708 - twister - DEBUG - Using gcov tool: gcov
2026-05-25 02:17:33,735 - twister - DEBUG - Working on /home/hanes/zephyr-course/zephyrproject/zephyr-course/twister-out/native_sim_native/host/homework.unit.ring_buf/handler.log
2026-05-25 02:17:33,735 - twister - DEBUG - Generating 0 gcda files
2026-05-25 02:17:33,735 - twister - DEBUG - Gcov data captured: /home/hanes/zephyr-course/zephyrproject/zephyr-course/twister-out/native_sim_native/host/homework.unit.ring_buf/handler.log
2026-05-25 02:17:33,741 - twister - INFO - 1 test scenarios (1 configurations) selected, 0 configurations filtered (0 by static filter, 0 at runtime).
2026-05-25 02:17:33,741 - twister - INFO - [32m1 of 1[39m executed test configurations passed (100.00%), 0 built (not run), 0 failed, 0 errored, with no warnings in 6.97 seconds.
2026-05-25 02:17:33,741 - twister - INFO - 8 of 8 executed test cases passed (100.00%) on 1 out of total 1115 platforms (0.09%).
2026-05-25 02:17:33,741 - twister - INFO - [32m1[39m test configurations executed on platforms, [36m0[39m test configurations were only built.
2026-05-25 02:17:33,814 - twister - DEBUG - Select gcovr as the coverage tool...
2026-05-25 02:17:33,814 - twister - DEBUG - Using gcov tool: gcov
2026-05-25 02:17:33,815 - twister - DEBUG - Running: gcovr -r /home/hanes/zephyr-course/zephyrproject/zephyr-course/app/modules/ring_buf --gcov-ignore-parse-errors=negative_hits.warn_once_per_file --gcov-executable gcov -e tests/* -e .*generated.* -e .*/tests/.* -e .*/samples/.* --exclude-branches-by-pattern (^\s*LOG_(?:HEXDUMP_)?(?:DBG|INF|WRN|ERR)\(.*)|(^\s*__ASSERT(?:_EVAL|_NO_MSG|_POST_ACTION)?\(.*) -v --merge-mode-functions=separate --json -o /home/hanes/zephyr-course/zephyrproject/zephyr-course/twister-out/coverage.json /home/hanes/zephyr-course/zephyrproject/zephyr-course/twister-out
2026-05-25 02:17:34,319 - twister - DEBUG - Running: gcovr -r /home/hanes/zephyr-course/zephyrproject/zephyr-course/app/modules/ring_buf -v --merge-mode-functions=separate --gcov-executable gcov -f tests/ztest -e tests/ztest/test/* --json -o /home/hanes/zephyr-course/zephyrproject/zephyr-course/twister-out/ztest.json /home/hanes/zephyr-course/zephyrproject/zephyr-course/twister-out
2026-05-25 02:17:34,782 - twister - DEBUG - Coverage collected 2 reports from: /home/hanes/zephyr-course/zephyrproject/zephyr-course/twister-out
2026-05-25 02:17:34,782 - twister - DEBUG - Running: gcovr -r /home/hanes/zephyr-course/zephyrproject/zephyr-course/app/modules/ring_buf -v --merge-mode-functions=separate --html /home/hanes/zephyr-course/zephyrproject/zephyr-course/twister-out/coverage/index.html --html-details --add-tracefile /home/hanes/zephyr-course/zephyrproject/zephyr-course/twister-out/coverage.json --add-tracefile /home/hanes/zephyr-course/zephyrproject/zephyr-course/twister-out/ztest.json --json-summary-pretty --json-summary /home/hanes/zephyr-course/zephyrproject/zephyr-course/twister-out/coverage_summary.json
2026-05-25 02:17:35,000 - twister - INFO - HTML report generated: /home/hanes/zephyr-course/zephyrproject/zephyr-course/twister-out/coverage/index.html
2026-05-25 02:17:35,000 - twister - DEBUG - All coverage data processed: True
2026-05-25 02:17:35,000 - twister - INFO - Saving reports...
2026-05-25 02:17:35,000 - twister - INFO - Writing JSON report /home/hanes/zephyr-course/zephyrproject/zephyr-course/twister-out/twister.json
2026-05-25 02:17:35,000 - twister - INFO - Writing xunit report /home/hanes/zephyr-course/zephyrproject/zephyr-course/twister-out/twister.xml...
2026-05-25 02:17:35,001 - twister - INFO - Writing xunit report /home/hanes/zephyr-course/zephyrproject/zephyr-course/twister-out/twister_report.xml...
2026-05-25 02:17:35,002 - twister - INFO - Run completed
